2019-08-06 10:37:05,142 INFO osmnet Requesting network data within bounding box from Overpass API in 1 request(s)
2019-08-06 10:37:05,230 INFO osmnet Posting to http://www.overpass-api.de/api/interpreter with timeout=180, "{'data': '[out:json][timeout:180];(way["highway"]["highway"!~"cycleway|footway|path|pedestrian|steps|track|proposed|construction|bridleway|abandoned|platform|raceway|service"]["motor_vehicle"!~"no"]["motorcar"!~"no"]["service"!~"parking|parking_aisle|driveway|emergency_access"](53.39638100,9.73441374,53.72943554,10.32527111);>;);out;'}"
2019-08-06 10:37:21,573 INFO osmnet Downloaded 34,020.3KB from www.overpass-api.de in 16.34 seconds
2019-08-06 10:37:22,415 INFO osmnet Downloaded OSM network data within bounding box from Overpass API in 1 request(s) and 17.27 seconds
2019-08-06 10:37:33,576 INFO osmnet Returning OSM data with 209,705 nodes and 41,143 ways...
2019-08-06 10:38:35,139 INFO osmnet Edge node pairs completed. Took 61.56 seconds
2019-08-06 10:38:35,408 INFO osmnet Returning processed graph with 39,536 nodes and 51,025 edges...
2019-08-06 10:38:35,409 INFO osmnet Completed OSM data download and Pandana node and edge table creation in 90.39 seconds
2019-08-06 10:38:35,447 INFO osmnet Requesting network data within bounding box from Overpass API in 1 request(s)
2019-08-06 10:38:35,448 INFO osmnet Posting to http://www.overpass-api.de/api/interpreter with timeout=180, "{'data': '[out:json][timeout:180];(way["highway"]["highway"!~"motor|proposed|construction|abandoned|platform|raceway"]["foot"!~"no"]["pedestrians"!~"no"](53.39638100,9.73441374,53.72943554,10.32527111);>;);out;'}"
2019-08-06 10:38:41,894 INFO osmnet Downloaded 91,205.4KB from www.overpass-api.de in 6.45 seconds
2019-08-06 10:38:44,273 INFO osmnet Downloaded OSM network data within bounding box from Overpass API in 1 request(s) and 8.83 seconds
2019-08-06 10:39:16,805 INFO osmnet Returning OSM data with 594,901 nodes and 156,441 ways...
2019-08-06 10:44:08,069 INFO osmnet Edge node pairs completed. Took 291.26 seconds
2019-08-06 10:44:09,178 INFO osmnet Returning processed graph with 193,633 nodes and 267,600 edges...
2019-08-06 10:44:09,179 INFO osmnet Completed OSM data download and Pandana node and edge table creation in 333.74 seconds
2019-08-06 13:50:28,996 INFO osmnet Requesting network data within bounding box from Overpass API in 1 request(s)
2019-08-06 13:50:29,003 INFO osmnet Posting to http://www.overpass-api.de/api/interpreter with timeout=180, "{'data': '[out:json][timeout:180];(way["highway"]["highway"!~"cycleway|footway|path|pedestrian|steps|track|proposed|construction|bridleway|abandoned|platform|raceway|service"]["motor_vehicle"!~"no"]["motorcar"!~"no"]["service"!~"parking|parking_aisle|driveway|emergency_access"](53.39638100,9.73441374,53.72943554,10.32527111);>;);out;'}"
2019-08-06 13:50:36,452 INFO osmnet Downloaded 34,020.5KB from www.overpass-api.de in 7.45 seconds
2019-08-06 13:50:37,560 INFO osmnet Downloaded OSM network data within bounding box from Overpass API in 1 request(s) and 8.56 seconds
2019-08-06 13:50:50,887 INFO osmnet Returning OSM data with 209,706 nodes and 41,143 ways...
2019-08-06 13:52:33,928 INFO osmnet Edge node pairs completed. Took 103.04 seconds
2019-08-06 13:52:34,739 INFO osmnet Returning processed graph with 39,536 nodes and 51,025 edges...
2019-08-06 13:52:34,740 INFO osmnet Completed OSM data download and Pandana node and edge table creation in 125.82 seconds
2019-08-06 13:52:34,778 INFO osmnet Requesting network data within bounding box from Overpass API in 1 request(s)
2019-08-06 13:52:34,779 INFO osmnet Posting to http://www.overpass-api.de/api/interpreter with timeout=180, "{'data': '[out:json][timeout:180];(way["highway"]["highway"!~"motor|proposed|construction|abandoned|platform|raceway"]["foot"!~"no"]["pedestrians"!~"no"](53.39638100,9.73441374,53.72943554,10.32527111);>;);out;'}"
2019-08-06 13:53:13,701 INFO osmnet Downloaded 91,206.3KB from www.overpass-api.de in 38.92 seconds
2019-08-06 13:53:16,466 INFO osmnet Downloaded OSM network data within bounding box from Overpass API in 1 request(s) and 41.69 seconds
2019-08-06 13:53:51,289 INFO osmnet Returning OSM data with 594,908 nodes and 156,443 ways...
2019-08-06 14:01:25,701 INFO osmnet Edge node pairs completed. Took 454.41 seconds
2019-08-06 14:01:27,346 INFO osmnet Returning processed graph with 193,636 nodes and 267,604 edges...
2019-08-06 14:01:27,348 INFO osmnet Completed OSM data download and Pandana node and edge table creation in 532.58 seconds
2019-08-06 22:06:26,212 INFO osmnet Requesting network data within bounding box from Overpass API in 1 request(s)
2019-08-06 22:06:26,243 INFO osmnet Posting to http://www.overpass-api.de/api/interpreter with timeout=180, "{'data': '[out:json][timeout:180];(way["highway"]["highway"!~"cycleway|footway|path|pedestrian|steps|track|proposed|construction|bridleway|abandoned|platform|raceway|service"]["motor_vehicle"!~"no"]["motorcar"!~"no"]["service"!~"parking|parking_aisle|driveway|emergency_access"](53.39638100,9.73441374,53.72943554,10.32527111);>;);out;'}"
2019-08-06 22:07:00,172 INFO osmnet Downloaded 34,030.1KB from www.overpass-api.de in 33.93 seconds
2019-08-06 22:07:01,267 INFO osmnet Downloaded OSM network data within bounding box from Overpass API in 1 request(s) and 35.03 seconds
2019-08-06 22:07:13,478 INFO osmnet Returning OSM data with 209,752 nodes and 41,153 ways...
2019-08-06 22:08:26,260 INFO osmnet Edge node pairs completed. Took 72.78 seconds
2019-08-06 22:08:26,585 INFO osmnet Returning processed graph with 39,538 nodes and 51,025 edges...
2019-08-06 22:08:26,586 INFO osmnet Completed OSM data download and Pandana node and edge table creation in 120.49 seconds
2019-08-06 22:08:26,619 INFO osmnet Requesting network data within bounding box from Overpass API in 1 request(s)
2019-08-06 22:08:26,620 INFO osmnet Posting to http://www.overpass-api.de/api/interpreter with timeout=180, "{'data': '[out:json][timeout:180];(way["highway"]["highway"!~"motor|proposed|construction|abandoned|platform|raceway"]["foot"!~"no"]["pedestrians"!~"no"](53.39638100,9.73441374,53.72943554,10.32527111);>;);out;'}"
2019-08-06 22:09:02,790 INFO osmnet Downloaded 91,231.8KB from www.overpass-api.de in 36.17 seconds
2019-08-06 22:09:07,198 INFO osmnet Downloaded OSM network data within bounding box from Overpass API in 1 request(s) and 40.58 seconds
2019-08-06 22:09:41,624 INFO osmnet Returning OSM data with 595,023 nodes and 156,485 ways...
2019-08-06 22:15:10,801 INFO osmnet Edge node pairs completed. Took 329.18 seconds
2019-08-06 22:15:12,006 INFO osmnet Returning processed graph with 193,673 nodes and 267,647 edges...
2019-08-06 22:15:12,007 INFO osmnet Completed OSM data download and Pandana node and edge table creation in 405.40 seconds
